running egg_info
creating build/as2_ardu_msn/as2_ardu_msn.egg-info
writing build/as2_ardu_msn/as2_ardu_msn.egg-info/PKG-INFO
writing dependency_links to build/as2_ardu_msn/as2_ardu_msn.egg-info/dependency_links.txt
writing entry points to build/as2_ardu_msn/as2_ardu_msn.egg-info/entry_points.txt
writing requirements to build/as2_ardu_msn/as2_ardu_msn.egg-info/requires.txt
writing top-level names to build/as2_ardu_msn/as2_ardu_msn.egg-info/top_level.txt
writing manifest file 'build/as2_ardu_msn/as2_ardu_msn.egg-info/SOURCES.txt'
reading manifest file 'build/as2_ardu_msn/as2_ardu_msn.egg-info/SOURCES.txt'
writing manifest file 'build/as2_ardu_msn/as2_ardu_msn.egg-info/SOURCES.txt'
running build
running build_py
creating /home/dhandavishal/aerostack2_ws/src/as2_ardu_msn/build/as2_ardu_msn/build
creating /home/dhandavishal/aerostack2_ws/src/as2_ardu_msn/build/as2_ardu_msn/build/lib
creating /home/dhandavishal/aerostack2_ws/src/as2_ardu_msn/build/as2_ardu_msn/build/lib/as2_ardu_msn
copying as2_ardu_msn/__init__.py -> /home/dhandavishal/aerostack2_ws/src/as2_ardu_msn/build/as2_ardu_msn/build/lib/as2_ardu_msn
running install
running install_lib
creating /home/dhandavishal/aerostack2_ws/src/as2_ardu_msn/install/as2_ardu_msn/lib/python3.10/site-packages/as2_ardu_msn
copying /home/dhandavishal/aerostack2_ws/src/as2_ardu_msn/build/as2_ardu_msn/build/lib/as2_ardu_msn/__init__.py -> /home/dhandavishal/aerostack2_ws/src/as2_ardu_msn/install/as2_ardu_msn/lib/python3.10/site-packages/as2_ardu_msn
byte-compiling /home/dhandavishal/aerostack2_ws/src/as2_ardu_msn/install/as2_ardu_msn/lib/python3.10/site-packages/as2_ardu_msn/__init__.py to __init__.cpython-310.pyc
running install_data
creating /home/dhandavishal/aerostack2_ws/src/as2_ardu_msn/install/as2_ardu_msn/share/ament_index
creating /home/dhandavishal/aerostack2_ws/src/as2_ardu_msn/install/as2_ardu_msn/share/ament_index/resource_index
creating /home/dhandavishal/aerostack2_ws/src/as2_ardu_msn/install/as2_ardu_msn/share/ament_index/resource_index/packages
copying resource/as2_ardu_msn -> /home/dhandavishal/aerostack2_ws/src/as2_ardu_msn/install/as2_ardu_msn/share/ament_index/resource_index/packages
copying package.xml -> /home/dhandavishal/aerostack2_ws/src/as2_ardu_msn/install/as2_ardu_msn/share/as2_ardu_msn
running install_egg_info
Copying build/as2_ardu_msn/as2_ardu_msn.egg-info to /home/dhandavishal/aerostack2_ws/src/as2_ardu_msn/install/as2_ardu_msn/lib/python3.10/site-packages/as2_ardu_msn-0.0.0-py3.10.egg-info
running install_scripts
writing list of installed files to '/home/dhandavishal/aerostack2_ws/src/as2_ardu_msn/build/as2_ardu_msn/install.log'
