[0.130s] DEBUG:colcon:Command line arguments: ['/usr/bin/colcon', 'build', '--packages-select', 'as2_ardu_msn']
[0.130s] DEBUG:colcon:Parsed command line arguments: Namespace(log_base=None, log_level=None, verb_name='build', build_base='build', install_base='install', merge_install=False, symlink_install=False, test_result_base=None, continue_on_error=False, executor='parallel', parallel_workers=4, event_handlers=None, ignore_user_meta=False, metas=['./colcon.meta'], base_paths=['.'], packages_ignore=None, packages_ignore_regex=None, paths=None, packages_up_to=None, packages_up_to_regex=None, packages_above=None, packages_above_and_dependencies=None, packages_above_depth=None, packages_select_by_dep=None, packages_skip_by_dep=None, packages_skip_up_to=None, packages_select_build_failed=False, packages_skip_build_finished=False, packages_select_test_failures=False, packages_skip_test_passed=False, packages_select=['as2_ardu_msn'], packages_skip=None, packages_select_regex=None, packages_skip_regex=None, packages_start=None, packages_end=None, allow_overriding=[], cmake_args=None, cmake_target=None, cmake_target_skip_unavailable=False, cmake_clean_cache=False, cmake_clean_first=False, cmake_force_configure=False, ament_cmake_args=None, catkin_cmake_args=None, catkin_skip_building_tests=False, verb_parser=<colcon_defaults.argument_parser.defaults.DefaultArgumentsDecorator object at 0x749e26c4e3e0>, verb_extension=<colcon_core.verb.build.BuildVerb object at 0x749e26c4de70>, main=<bound method BuildVerb.main of <colcon_core.verb.build.BuildVerb object at 0x749e26c4de70>>)
[0.334s] Level 1:colcon.colcon_core.package_discovery:discover_packages(colcon_meta) check parameters
[0.334s] Level 1:colcon.colcon_core.package_discovery:discover_packages(recursive) check parameters
[0.334s] Level 1:colcon.colcon_core.package_discovery:discover_packages(ignore) check parameters
[0.334s] Level 1:colcon.colcon_core.package_discovery:discover_packages(path) check parameters
[0.334s] Level 1:colcon.colcon_core.package_discovery:discover_packages(colcon_meta) discover
[0.334s] Level 1:colcon.colcon_core.package_discovery:discover_packages(recursive) discover
[0.334s] INFO:colcon.colcon_core.package_discovery:Crawling recursively for packages in '/home/dhandavishal/aerostack2_ws/src/as2_ardu_msn'
[0.334s] Level 1:colcon.colcon_core.package_identification:_identify(.) by extensions ['ignore', 'ignore_ament_install']
[0.334s] Level 1:colcon.colcon_core.package_identification:_identify(.) by extension 'ignore'
[0.335s] Level 1:colcon.colcon_core.package_identification:_identify(.) by extension 'ignore_ament_install'
[0.335s] Level 1:colcon.colcon_core.package_identification:_identify(.) by extensions ['colcon_pkg']
[0.335s] Level 1:colcon.colcon_core.package_identification:_identify(.) by extension 'colcon_pkg'
[0.335s] Level 1:colcon.colcon_core.package_identification:_identify(.) by extensions ['colcon_meta']
[0.335s] Level 1:colcon.colcon_core.package_identification:_identify(.) by extension 'colcon_meta'
[0.335s] Level 1:colcon.colcon_core.package_identification:_identify(.) by extensions ['ros']
[0.335s] Level 1:colcon.colcon_core.package_identification:_identify(.) by extension 'ros'
[0.349s] DEBUG:colcon.colcon_core.package_identification:Package '.' with type 'ros.ament_python' and name 'as2_ardu_msn'
[0.350s] Level 1:colcon.colcon_core.package_discovery:discover_packages(recursive) using defaults
[0.350s] Level 1:colcon.colcon_core.package_discovery:discover_packages(ignore) discover
[0.350s] Level 1:colcon.colcon_core.package_discovery:discover_packages(ignore) using defaults
[0.350s] Level 1:colcon.colcon_core.package_discovery:discover_packages(path) discover
[0.350s] Level 1:colcon.colcon_core.package_discovery:discover_packages(path) using defaults
[0.387s] Level 1:colcon.colcon_core.package_discovery:discover_packages(prefix_path) check parameters
[0.387s] Level 1:colcon.colcon_core.package_discovery:discover_packages(prefix_path) discover
[0.392s] DEBUG:colcon.colcon_installed_package_information.package_discovery:Found 29 installed packages in /home/dhandavishal/aerostack2_ws/install
[0.394s] DEBUG:colcon.colcon_installed_package_information.package_discovery:Found 330 installed packages in /opt/ros/humble
[0.398s] Level 1:colcon.colcon_core.package_discovery:discover_packages(prefix_path) using defaults
[0.453s] Level 5:colcon.colcon_core.verb:set package 'as2_ardu_msn' build argument 'cmake_args' from command line to 'None'
[0.454s] Level 5:colcon.colcon_core.verb:set package 'as2_ardu_msn' build argument 'cmake_target' from command line to 'None'
[0.454s] Level 5:colcon.colcon_core.verb:set package 'as2_ardu_msn' build argument 'cmake_target_skip_unavailable' from command line to 'False'
[0.454s] Level 5:colcon.colcon_core.verb:set package 'as2_ardu_msn' build argument 'cmake_clean_cache' from command line to 'False'
[0.454s] Level 5:colcon.colcon_core.verb:set package 'as2_ardu_msn' build argument 'cmake_clean_first' from command line to 'False'
[0.454s] Level 5:colcon.colcon_core.verb:set package 'as2_ardu_msn' build argument 'cmake_force_configure' from command line to 'False'
[0.454s] Level 5:colcon.colcon_core.verb:set package 'as2_ardu_msn' build argument 'ament_cmake_args' from command line to 'None'
[0.454s] Level 5:colcon.colcon_core.verb:set package 'as2_ardu_msn' build argument 'catkin_cmake_args' from command line to 'None'
[0.454s] Level 5:colcon.colcon_core.verb:set package 'as2_ardu_msn' build argument 'catkin_skip_building_tests' from command line to 'False'
[0.454s] DEBUG:colcon.colcon_core.verb:Building package 'as2_ardu_msn' with the following arguments: {'ament_cmake_args': None, 'build_base': '/home/dhandavishal/aerostack2_ws/src/as2_ardu_msn/build/as2_ardu_msn', 'catkin_cmake_args': None, 'catkin_skip_building_tests': False, 'cmake_args': None, 'cmake_clean_cache': False, 'cmake_clean_first': False, 'cmake_force_configure': False, 'cmake_target': None, 'cmake_target_skip_unavailable': False, 'install_base': '/home/dhandavishal/aerostack2_ws/src/as2_ardu_msn/install/as2_ardu_msn', 'merge_install': False, 'path': '/home/dhandavishal/aerostack2_ws/src/as2_ardu_msn', 'symlink_install': False, 'test_result_base': None}
[0.454s] INFO:colcon.colcon_core.executor:Executing jobs using 'parallel' executor
[0.455s] DEBUG:colcon.colcon_parallel_executor.executor.parallel:run_until_complete
[0.456s] INFO:colcon.colcon_ros.task.ament_python.build:Building ROS package in '/home/dhandavishal/aerostack2_ws/src/as2_ardu_msn' with build type 'ament_python'
[0.456s] Level 1:colcon.colcon_core.shell:create_environment_hook('as2_ardu_msn', 'ament_prefix_path')
[0.460s] INFO:colcon.colcon_core.plugin_system:Skipping extension 'colcon_core.shell.bat': Not used on non-Windows systems
[0.460s] INFO:colcon.colcon_core.shell:Creating environment hook '/home/dhandavishal/aerostack2_ws/src/as2_ardu_msn/install/as2_ardu_msn/share/as2_ardu_msn/hook/ament_prefix_path.ps1'
[0.461s] INFO:colcon.colcon_core.shell:Creating environment descriptor '/home/dhandavishal/aerostack2_ws/src/as2_ardu_msn/install/as2_ardu_msn/share/as2_ardu_msn/hook/ament_prefix_path.dsv'
[0.462s] INFO:colcon.colcon_core.shell:Creating environment hook '/home/dhandavishal/aerostack2_ws/src/as2_ardu_msn/install/as2_ardu_msn/share/as2_ardu_msn/hook/ament_prefix_path.sh'
[0.463s] INFO:colcon.colcon_core.shell:Skip shell extension 'powershell' for command environment: Not usable outside of PowerShell
[0.463s] DEBUG:colcon.colcon_core.shell:Skip shell extension 'dsv' for command environment
[0.832s] INFO:colcon.colcon_core.task.python.build:Building Python package in '/home/dhandavishal/aerostack2_ws/src/as2_ardu_msn'
[0.833s] INFO:colcon.colcon_core.shell:Skip shell extension 'powershell' for command environment: Not usable outside of PowerShell
[0.833s] DEBUG:colcon.colcon_core.shell:Skip shell extension 'dsv' for command environment
[1.354s] DEBUG:colcon.colcon_core.event_handler.log_command:Invoking command in '/home/dhandavishal/aerostack2_ws/src/as2_ardu_msn': PYTHONPATH=/home/dhandavishal/aerostack2_ws/src/as2_ardu_msn/build/as2_ardu_msn/prefix_override:/usr/lib/python3/dist-packages/colcon_core/task/python/colcon_distutils_commands:/home/dhandavishal/aerostack2_ws/src/as2_ardu_msn/install/as2_ardu_msn/lib/python3.10/site-packages:${PYTHONPATH} /usr/bin/python3 -W ignore:setup.py install is deprecated -W ignore:easy_install command is deprecated setup.py egg_info --egg-base build/as2_ardu_msn build --build-base /home/dhandavishal/aerostack2_ws/src/as2_ardu_msn/build/as2_ardu_msn/build install --record /home/dhandavishal/aerostack2_ws/src/as2_ardu_msn/build/as2_ardu_msn/install.log --single-version-externally-managed install_data
[1.761s] DEBUG:colcon.colcon_core.event_handler.log_command:Invoked command in '/home/dhandavishal/aerostack2_ws/src/as2_ardu_msn' returned '0': PYTHONPATH=/home/dhandavishal/aerostack2_ws/src/as2_ardu_msn/build/as2_ardu_msn/prefix_override:/usr/lib/python3/dist-packages/colcon_core/task/python/colcon_distutils_commands:/home/dhandavishal/aerostack2_ws/src/as2_ardu_msn/install/as2_ardu_msn/lib/python3.10/site-packages:${PYTHONPATH} /usr/bin/python3 -W ignore:setup.py install is deprecated -W ignore:easy_install command is deprecated setup.py egg_info --egg-base build/as2_ardu_msn build --build-base /home/dhandavishal/aerostack2_ws/src/as2_ardu_msn/build/as2_ardu_msn/build install --record /home/dhandavishal/aerostack2_ws/src/as2_ardu_msn/build/as2_ardu_msn/install.log --single-version-externally-managed install_data
[1.769s] Level 1:colcon.colcon_core.environment:checking '/home/dhandavishal/aerostack2_ws/src/as2_ardu_msn/install/as2_ardu_msn' for CMake module files
[1.769s] Level 1:colcon.colcon_core.environment:checking '/home/dhandavishal/aerostack2_ws/src/as2_ardu_msn/install/as2_ardu_msn' for CMake config files
[1.770s] Level 1:colcon.colcon_core.environment:checking '/home/dhandavishal/aerostack2_ws/src/as2_ardu_msn/install/as2_ardu_msn/lib'
[1.770s] Level 1:colcon.colcon_core.environment:checking '/home/dhandavishal/aerostack2_ws/src/as2_ardu_msn/install/as2_ardu_msn/bin'
[1.771s] Level 1:colcon.colcon_core.environment:checking '/home/dhandavishal/aerostack2_ws/src/as2_ardu_msn/install/as2_ardu_msn/lib/pkgconfig/as2_ardu_msn.pc'
[1.771s] Level 1:colcon.colcon_core.environment:checking '/home/dhandavishal/aerostack2_ws/src/as2_ardu_msn/install/as2_ardu_msn/lib/python3.10/site-packages'
[1.771s] Level 1:colcon.colcon_core.shell:create_environment_hook('as2_ardu_msn', 'pythonpath')
[1.771s] INFO:colcon.colcon_core.shell:Creating environment hook '/home/dhandavishal/aerostack2_ws/src/as2_ardu_msn/install/as2_ardu_msn/share/as2_ardu_msn/hook/pythonpath.ps1'
[1.772s] INFO:colcon.colcon_core.shell:Creating environment descriptor '/home/dhandavishal/aerostack2_ws/src/as2_ardu_msn/install/as2_ardu_msn/share/as2_ardu_msn/hook/pythonpath.dsv'
[1.772s] INFO:colcon.colcon_core.shell:Creating environment hook '/home/dhandavishal/aerostack2_ws/src/as2_ardu_msn/install/as2_ardu_msn/share/as2_ardu_msn/hook/pythonpath.sh'
[1.773s] Level 1:colcon.colcon_core.environment:checking '/home/dhandavishal/aerostack2_ws/src/as2_ardu_msn/install/as2_ardu_msn/bin'
[1.773s] Level 1:colcon.colcon_core.environment:create_environment_scripts_only(as2_ardu_msn)
[1.773s] INFO:colcon.colcon_core.shell:Creating package script '/home/dhandavishal/aerostack2_ws/src/as2_ardu_msn/install/as2_ardu_msn/share/as2_ardu_msn/package.ps1'
[1.774s] INFO:colcon.colcon_core.shell:Creating package descriptor '/home/dhandavishal/aerostack2_ws/src/as2_ardu_msn/install/as2_ardu_msn/share/as2_ardu_msn/package.dsv'
[1.775s] INFO:colcon.colcon_core.shell:Creating package script '/home/dhandavishal/aerostack2_ws/src/as2_ardu_msn/install/as2_ardu_msn/share/as2_ardu_msn/package.sh'
[1.776s] INFO:colcon.colcon_core.shell:Creating package script '/home/dhandavishal/aerostack2_ws/src/as2_ardu_msn/install/as2_ardu_msn/share/as2_ardu_msn/package.bash'
[1.777s] INFO:colcon.colcon_core.shell:Creating package script '/home/dhandavishal/aerostack2_ws/src/as2_ardu_msn/install/as2_ardu_msn/share/as2_ardu_msn/package.zsh'
[1.777s] Level 1:colcon.colcon_core.environment:create_file_with_runtime_dependencies(/home/dhandavishal/aerostack2_ws/src/as2_ardu_msn/install/as2_ardu_msn/share/colcon-core/packages/as2_ardu_msn)
[1.778s] DEBUG:colcon.colcon_parallel_executor.executor.parallel:closing loop
[1.778s] DEBUG:colcon.colcon_parallel_executor.executor.parallel:loop closed
[1.778s] DEBUG:colcon.colcon_parallel_executor.executor.parallel:run_until_complete finished with '0'
[1.779s] DEBUG:colcon.colcon_core.event_reactor:joining thread
[1.785s] INFO:colcon.colcon_core.plugin_system:Skipping extension 'colcon_notification.desktop_notification.terminal_notifier': Not used on non-Darwin systems
[1.786s] INFO:colcon.colcon_core.plugin_system:Skipping extension 'colcon_notification.desktop_notification.win32': Not used on non-Windows systems
[1.786s] INFO:colcon.colcon_notification.desktop_notification:Sending desktop notification using 'notify2'
[1.803s] DEBUG:colcon.colcon_core.event_reactor:joined thread
[1.804s] INFO:colcon.colcon_core.shell:Creating prefix script '/home/dhandavishal/aerostack2_ws/src/as2_ardu_msn/install/local_setup.ps1'
[1.805s] INFO:colcon.colcon_core.shell:Creating prefix util module '/home/dhandavishal/aerostack2_ws/src/as2_ardu_msn/install/_local_setup_util_ps1.py'
[1.807s] INFO:colcon.colcon_core.shell:Creating prefix chain script '/home/dhandavishal/aerostack2_ws/src/as2_ardu_msn/install/setup.ps1'
[1.811s] INFO:colcon.colcon_core.shell:Creating prefix script '/home/dhandavishal/aerostack2_ws/src/as2_ardu_msn/install/local_setup.sh'
[1.813s] INFO:colcon.colcon_core.shell:Creating prefix util module '/home/dhandavishal/aerostack2_ws/src/as2_ardu_msn/install/_local_setup_util_sh.py'
[1.814s] INFO:colcon.colcon_core.shell:Creating prefix chain script '/home/dhandavishal/aerostack2_ws/src/as2_ardu_msn/install/setup.sh'
[1.818s] INFO:colcon.colcon_core.shell:Creating prefix script '/home/dhandavishal/aerostack2_ws/src/as2_ardu_msn/install/local_setup.bash'
[1.819s] INFO:colcon.colcon_core.shell:Creating prefix chain script '/home/dhandavishal/aerostack2_ws/src/as2_ardu_msn/install/setup.bash'
[1.822s] INFO:colcon.colcon_core.shell:Creating prefix script '/home/dhandavishal/aerostack2_ws/src/as2_ardu_msn/install/local_setup.zsh'
[1.823s] INFO:colcon.colcon_core.shell:Creating prefix chain script '/home/dhandavishal/aerostack2_ws/src/as2_ardu_msn/install/setup.zsh'
